<?xml version="1.0" encoding="UTF-8"?>
<!-- Generated by org.testng.reporters.JUnitReportReporter -->
<testsuite skipped="0" hostname="test-server-02" name="com.tesco.gmail.smoke.GmailSmoke" tests="4" failures="0" timestamp="20 Dec 2019 11:39:58 GMT" time="23.912" errors="0">
  <testcase name="loginintoAccount" time="8.698" classname="com.tesco.gmail.smoke.GmailSmoke"/>
  <testcase name="verifyLoginURL" time="2.861" classname="com.tesco.gmail.smoke.GmailSmoke"/>
  <testcase name="baseURL" time="4.449" classname="com.tesco.gmail.smoke.GmailSmoke"/>
  <testcase name="logOut" time="7.904" classname="com.tesco.gmail.smoke.GmailSmoke"/>
</testsuite> <!-- com.tesco.gmail.smoke.GmailSmoke -->
