<?xml version="1.0" encoding="UTF-8"?>
<!-- Generated by org.testng.reporters.JUnitReportReporter -->
<testsuite hostname="test-server-02" name="com.tesco.gmail.smoke.GmailSmoke" tests="4" failures="0" timestamp="20 Dec 2019 07:15:49 GMT" time="23.459" errors="0">
  <testcase name="baseURL" time="4.307" classname="com.tesco.gmail.smoke.GmailSmoke"/>
  <testcase name="verifyLoginURL" time="2.711" classname="com.tesco.gmail.smoke.GmailSmoke"/>
  <testcase name="loginintoAccount" time="8.606" classname="com.tesco.gmail.smoke.GmailSmoke"/>
  <testcase name="logOut" time="7.835" classname="com.tesco.gmail.smoke.GmailSmoke"/>
</testsuite> <!-- com.tesco.gmail.smoke.GmailSmoke -->
